2015-02-24 18:27:45.403 myApp[20298:2981284] DiskCookieStorage changing policy from 2 to 0, cookie file: file:///Users/imee12/Library/Developer/CoreSimulator/Devices/95B21096-34EB-454F-9BF2-6F5356916012/data/Containers/Data/Application/6F78721E-0B36-4A99-A053-2AA8925C1808/Library/Cookies/Cookies.binarycookies
2015-02-24 18:27:46.554 myApp[20298:2981284] Apache Cordova native platform version 3.7.0 is starting.
2015-02-24 18:27:46.555 myApp[20298:2981284] Multi-tasking -> Device: YES, App: YES
2015-02-24 18:27:46.596 myApp[20298:2981284] Unlimited access to network resources
2015-02-24 18:27:47.963 myApp[20298:2981284] [CDVTimer][keyboard] 0.137031ms
2015-02-24 18:27:47.964 myApp[20298:2981284] [CDVTimer][TotalPluginStartup] 10.441005ms
2015-02-24 18:27:51.041 myApp[20298:2981284] Resetting plugins due to page load.
2015-02-24 18:27:51.655 myApp[20298:2981284] Finished load of: file:///Users/imee12/Library/Developer/CoreSimulator/Devices/95B21096-34EB-454F-9BF2-6F5356916012/data/Containers/Bundle/Application/ED649C45-0869-43D8-ABC6-F9146E5CBCEC/myApp.app/www/index.html#/tab/dash
2015-02-24 18:27:52.260 myApp[20298:2981284] THREAD WARNING: ['Device'] took '19.197021' ms. Plugin should use a background thread.
2015-03-07 14:52:34.867 myApp[18692:848736] DiskCookieStorage changing policy from 2 to 0, cookie file: file:///Users/imee12/Library/Developer/CoreSimulator/Devices/95B21096-34EB-454F-9BF2-6F5356916012/data/Containers/Data/Application/719A917B-ECB5-4A0C-9A48-1CE2A5EB97FA/Library/Cookies/Cookies.binarycookies
2015-03-07 14:52:35.770 myApp[18692:848736] Apache Cordova native platform version 3.7.0 is starting.
2015-03-07 14:52:35.771 myApp[18692:848736] Multi-tasking -> Device: YES, App: YES
2015-03-07 14:52:35.822 myApp[18692:848736] Unlimited access to network resources
2015-03-07 14:52:37.097 myApp[18692:848736] [CDVTimer][keyboard] 0.584006ms
2015-03-07 14:52:37.097 myApp[18692:848736] [CDVTimer][TotalPluginStartup] 0.949025ms
2015-03-07 14:52:37.936 myApp[18692:848736] Resetting plugins due to page load.
2015-03-07 14:52:38.439 myApp[18692:848736] Finished load of: file:///Users/imee12/Library/Developer/CoreSimulator/Devices/95B21096-34EB-454F-9BF2-6F5356916012/data/Containers/Bundle/Application/546F1FF0-76E0-402A-BCF6-66599136113E/myApp.app/www/index.html#/tab/dash
2015-03-07 14:52:38.971 myApp[18692:848736] THREAD WARNING: ['Device'] took '21.674316' ms. Plugin should use a background thread.
2015-03-07 16:55:59.905 myApp[19412:883980] Apache Cordova native platform version 3.7.0 is starting.
2015-03-07 16:55:59.916 myApp[19412:883980] Multi-tasking -> Device: YES, App: YES
2015-03-07 16:55:59.957 myApp[19412:883980] Unlimited access to network resources
2015-03-07 16:56:00.673 myApp[19412:883980] [CDVTimer][keyboard] 0.095963ms
2015-03-07 16:56:00.673 myApp[19412:883980] [CDVTimer][TotalPluginStartup] 0.395954ms
2015-03-07 16:56:01.696 myApp[19412:883980] Resetting plugins due to page load.
2015-03-07 16:56:02.152 myApp[19412:883980] Finished load of: file:///Users/imee12/Library/Developer/CoreSimulator/Devices/95B21096-34EB-454F-9BF2-6F5356916012/data/Containers/Bundle/Application/19270EC6-D415-4F6A-951B-BE2AF78BC7BB/myApp.app/www/index.html#/tab/dash
2015-03-07 16:56:02.527 myApp[19412:883980] THREAD WARNING: ['Device'] took '23.079102' ms. Plugin should use a background thread.
2015-03-07 17:06:14.750 myApp[19412:883980] CDVWebViewDelegate: Navigation started when state=1
2015-03-07 17:06:14.759 myApp[19412:883980] Failed to load webpage with error: CDVWebViewDelegate: Navigation started when state=1
2015-03-07 17:06:14.759 myApp[19412:883980] Resetting plugins due to page load.
2015-03-07 17:06:19.252 myApp[19412:883980] Finished load of: https://instagram.com/p/z8VAzjlYxN/
2015-03-07 17:08:03.773 myApp[19412:883980] Resetting plugins due to page load.
2015-03-07 17:08:05.696 myApp[19412:883980] Failed to load webpage with error: The operation couldn’t be completed. (NSURLErrorDomain error -999.)
2015-03-07 17:08:05.698 myApp[19412:883980] Resetting plugins due to page load.
2015-03-07 17:08:07.051 myApp[19412:883980] Finished load of: https://instagram.com/
